array (
  'mobile' => '15998571677',
  'password' => '111111a',
)array (
  'REDIRECT_UNIQUE_ID' => 'WlGpELMI229gboOAJp@p-wAAAAM',
  'REDIRECT_STATUS' => '200',
  'UNIQUE_ID' => 'WlGpELMI229gboOAJp@p-wAAAAM',
  'HTTP_HOST' => 'api.wlxkd.com',
  'CONTENT_TYPE' => 'application/x-www-form-urlencoded',
  'HTTP_COOKIE' => 'laravel_session=eyJpdiI6IkRXMWlPVlJPVnQ1VHF3dWYrY1Z4aGc9PSIsInZhbHVlIjoiOER3T2hHb2E0MmVIc0J6WUpaVHlXYlNvaXA2alwvZGtITE51Z1EzQ1dSM1FyV2c2UmRVY0dXbTVHOXN3anliZTBrSEZHWG9tWG9HRDJmSUlmRXV1cll3PT0iLCJtYWMiOiJiZWI5MGE1N2RjNzAwOTg5ODBlNWQ3ODllNmZhYmYzZjk1NDUzMjg4YTAxODExYmE3MjFlZjA0OTBmOWYzODQ5In0%3D; PHPSESSID=fp5rt518j7b3sd24bkha2nldr1',
  'HTTP_CONNECTION' => 'keep-alive',
  'HTTP_ACCEPT' => '*/*',
  'HTTP_USER_AGENT' => 'Xinyongka/1.0.1 (iPhone; iOS 11.1.2; Scale/2.00)',
  'HTTP_ACCEPT_LANGUAGE' => 'zh-Hans-US;q=1',
  'CONTENT_LENGTH' => '35',
  'HTTP_ACCEPT_ENCODING' => 'gzip, deflate',
  'PATH' => '/usr/local/sbin:/usr/local/bin:/usr/sbin:/usr/bin',
  'SERVER_SIGNATURE' => '',
  'SERVER_SOFTWARE' => 'Apache/2.4.6 (CentOS) PHP/5.4.16',
  'SERVER_NAME' => 'api.wlxkd.com',
  'SERVER_ADDR' => '172.16.139.104',
  'SERVER_PORT' => '80',
  'REMOTE_ADDR' => '112.17.236.15',
  'DOCUMENT_ROOT' => '/var/www/html/api/public',
  'REQUEST_SCHEME' => 'http',
  'CONTEXT_PREFIX' => '',
  'CONTEXT_DOCUMENT_ROOT' => '/var/www/html/api/public',
  'SERVER_ADMIN' => 'root@localhost',
  'SCRIPT_FILENAME' => '/var/www/html/api/public/index.php',
  'REMOTE_PORT' => '43802',
  'REDIRECT_URL' => '/user/login',
  'GATEWAY_INTERFACE' => 'CGI/1.1',
  'SERVER_PROTOCOL' => 'HTTP/1.1',
  'REQUEST_METHOD' => 'POST',
  'QUERY_STRING' => '',
  'REQUEST_URI' => '/user/login',
  'SCRIPT_NAME' => '/index.php',
  'PHP_SELF' => '/index.php',
  'REQUEST_TIME_FLOAT' => 1515301136.825,
  'REQUEST_TIME' => 1515301136,
)